d:\dev\asteroid_test\gameengine\gameengine\debug\vc142.pdb
d:\dev\asteroid_test\gameengine\gameengine\debug\vc142.idb
d:\dev\asteroid_test\gameengine\gameengine\debug\vector2d.obj
d:\dev\asteroid_test\gameengine\gameengine\debug\texturemanager.obj
d:\dev\asteroid_test\gameengine\gameengine\debug\main.obj
d:\dev\asteroid_test\gameengine\gameengine\debug\game.obj
d:\dev\asteroid_test\gameengine\gameengine\debug\gameobject.obj
d:\dev\asteroid_test\gameengine\gameengine\debug\map.obj
d:\dev\asteroid_test\gameengine\gameengine\debug\player.obj
d:\dev\asteroid_test\gameengine\gameengine\debug\asteroid.obj
d:\dev\asteroid_test\gameengine\gameengine\debug\gamemanager.obj
d:\dev\asteroid_test\gameengine\gameengine\debug\collision.obj
d:\dev\asteroid_test\gameengine\debug\gameengine.exe
d:\dev\asteroid_test\gameengine\debug\gameengine.ilk
d:\dev\asteroid_test\gameengine\debug\gameengine.pdb
d:\dev\asteroid_test\gameengine\gameengine\debug\gameengine.tlog\cl.command.1.tlog
d:\dev\asteroid_test\gameengine\gameengine\debug\gameengine.tlog\cl.read.1.tlog
d:\dev\asteroid_test\gameengine\gameengine\debug\gameengine.tlog\cl.write.1.tlog
d:\dev\asteroid_test\gameengine\gameengine\debug\gameengine.tlog\link.command.1.tlog
d:\dev\asteroid_test\gameengine\gameengine\debug\gameengine.tlog\link.read.1.tlog
d:\dev\asteroid_test\gameengine\gameengine\debug\gameengine.tlog\link.write.1.tlog
